{"C:\\Users\\greni\\OneDrive\\Bureau\\Cloud Campus\\Devoirs\\Semestre 2\\Semaine 4\\Initiation CI-CD\\react-ejs-app\\store.js": {"path":"C:\\Users\\greni\\OneDrive\\Bureau\\Cloud Campus\\Devoirs\\Semestre 2\\Semaine 4\\Initiation CI-CD\\react-ejs-app\\store.js","statementMap":{"0":{"start":{"line":4,"column":17},"end":{"line":4,"column":52}},"1":{"start":{"line":5,"column":20},"end":{"line":5,"column":74}},"2":{"start":{"line":5,"column":30},"end":{"line":5,"column":74}},"3":{"start":{"line":6,"column":17},"end":{"line":9,"column":1}},"4":{"start":{"line":7,"column":17},"end":{"line":7,"column":53}},"5":{"start":{"line":8,"column":4},"end":{"line":8,"column":28}},"6":{"start":{"line":11,"column":15},"end":{"line":11,"column":23}},"7":{"start":{"line":12,"column":16},"end":{"line":15,"column":1}},"8":{"start":{"line":13,"column":17},"end":{"line":13,"column":33}},"9":{"start":{"line":14,"column":4},"end":{"line":14,"column":47}},"10":{"start":{"line":14,"column":31},"end":{"line":14,"column":45}},"11":{"start":{"line":16,"column":15},"end":{"line":21,"column":1}},"12":{"start":{"line":17,"column":17},"end":{"line":17,"column":33}},"13":{"start":{"line":18,"column":20},"end":{"line":18,"column":50}},"14":{"start":{"line":19,"column":4},"end":{"line":19,"column":46}},"15":{"start":{"line":20,"column":4},"end":{"line":20,"column":19}},"16":{"start":{"line":23,"column":19},"end":{"line":32,"column":1}},"17":{"start":{"line":24,"column":17},"end":{"line":24,"column":33}},"18":{"start":{"line":25,"column":20},"end":{"line":30,"column":6}},"19":{"start":{"line":26,"column":8},"end":{"line":28,"column":9}},"20":{"start":{"line":27,"column":12},"end":{"line":27,"column":43}},"21":{"start":{"line":29,"column":8},"end":{"line":29,"column":23}},"22":{"start":{"line":31,"column":4},"end":{"line":31,"column":31}},"23":{"start":{"line":34,"column":19},"end":{"line":37,"column":1}},"24":{"start":{"line":35,"column":17},"end":{"line":35,"column":33}},"25":{"start":{"line":36,"column":4},"end":{"line":36,"column":67}},"26":{"start":{"line":36,"column":47},"end":{"line":36,"column":64}}},"fnMap":{"0":{"name":"(anonymous_0)","decl":{"start":{"line":5,"column":20},"end":{"line":5,"column":21}},"loc":{"start":{"line":5,"column":30},"end":{"line":5,"column":74}},"line":5},"1":{"name":"(anonymous_1)","decl":{"start":{"line":6,"column":17},"end":{"line":6,"column":18}},"loc":{"start":{"line":6,"column":29},"end":{"line":9,"column":1}},"line":6},"2":{"name":"(anonymous_2)","decl":{"start":{"line":12,"column":16},"end":{"line":12,"column":17}},"loc":{"start":{"line":12,"column":30},"end":{"line":15,"column":1}},"line":12},"3":{"name":"(anonymous_3)","decl":{"start":{"line":14,"column":21},"end":{"line":14,"column":22}},"loc":{"start":{"line":14,"column":31},"end":{"line":14,"column":45}},"line":14},"4":{"name":"(anonymous_4)","decl":{"start":{"line":16,"column":15},"end":{"line":16,"column":16}},"loc":{"start":{"line":16,"column":34},"end":{"line":21,"column":1}},"line":16},"5":{"name":"(anonymous_5)","decl":{"start":{"line":23,"column":19},"end":{"line":23,"column":20}},"loc":{"start":{"line":23,"column":42},"end":{"line":32,"column":1}},"line":23},"6":{"name":"(anonymous_6)","decl":{"start":{"line":25,"column":29},"end":{"line":25,"column":30}},"loc":{"start":{"line":25,"column":42},"end":{"line":30,"column":5}},"line":25},"7":{"name":"(anonymous_7)","decl":{"start":{"line":34,"column":19},"end":{"line":34,"column":20}},"loc":{"start":{"line":34,"column":33},"end":{"line":37,"column":1}},"line":34},"8":{"name":"(anonymous_8)","decl":{"start":{"line":36,"column":34},"end":{"line":36,"column":35}},"loc":{"start":{"line":36,"column":47},"end":{"line":36,"column":64}},"line":36}},"branchMap":{"0":{"loc":{"start":{"line":26,"column":8},"end":{"line":28,"column":9}},"type":"if","locations":[{"start":{"line":26,"column":8},"end":{"line":28,"column":9}},{"start":{},"end":{}}],"line":26}},"s":{"0":1,"1":1,"2":8,"3":1,"4":15,"5":15,"6":1,"7":1,"8":4,"9":4,"10":7,"11":1,"12":2,"13":2,"14":2,"15":2,"16":1,"17":3,"18":3,"19":6,"20":2,"21":4,"22":3,"23":1,"24":3,"25":3,"26":6},"f":{"0":8,"1":15,"2":4,"3":7,"4":2,"5":3,"6":6,"7":3,"8":6},"b":{"0":[2,4]},"_coverageSchema":"1a1c01bbd47fc00a2c39e90264f33305004495a9","hash":"244e5adbf13a4ca85dce42fb63e071da3cad08fe"}
}
