TN:
SF:store.js
FN:5,(anonymous_0)
FN:6,(anonymous_1)
FN:12,(anonymous_2)
FN:14,(anonymous_3)
FN:16,(anonymous_4)
FN:23,(anonymous_5)
FN:25,(anonymous_6)
FN:34,(anonymous_7)
FN:36,(anonymous_8)
FNF:9
FNH:9
FNDA:8,(anonymous_0)
FNDA:15,(anonymous_1)
FNDA:4,(anonymous_2)
FNDA:7,(anonymous_3)
FNDA:2,(anonymous_4)
FNDA:3,(anonymous_5)
FNDA:6,(anonymous_6)
FNDA:3,(anonymous_7)
FNDA:6,(anonymous_8)
DA:4,1
DA:5,8
DA:6,1
DA:7,15
DA:8,15
DA:11,1
DA:12,1
DA:13,4
DA:14,7
DA:16,1
DA:17,2
DA:18,2
DA:19,2
DA:20,2
DA:23,1
DA:24,3
DA:25,3
DA:26,6
DA:27,2
DA:29,4
DA:31,3
DA:34,1
DA:35,3
DA:36,6
LF:24
LH:24
BRDA:26,0,0,2
BRDA:26,0,1,4
BRF:2
BRH:2
end_of_record
